0 info it worked if it ends with ok
1 verbose cli [
1 verbose cli   'C:\\Program Files (x86)\\nodejs\\node.exe',
1 verbose cli   'C:\\Program Files (x86)\\nodejs\\node_modules\\npm\\bin\\npm-cli.js',
1 verbose cli   'run',
1 verbose cli   's',
1 verbose cli   'tart'
1 verbose cli ]
2 info using npm@6.14.12
3 info using node@v14.16.1
4 verbose stack Error: missing script: s
4 verbose stack     at run (C:\Program Files (x86)\nodejs\node_modules\npm\lib\run-script.js:155:19)
4 verbose stack     at C:\Program Files (x86)\nodejs\node_modules\npm\lib\run-script.js:63:5
4 verbose stack     at C:\Program Files (x86)\nodejs\node_modules\npm\node_modules\read-package-json\read-json.js:116:5
4 verbose stack     at C:\Program Files (x86)\nodejs\node_modules\npm\node_modules\read-package-json\read-json.js:436:5
4 verbose stack     at checkBinReferences_ (C:\Program Files (x86)\nodejs\node_modules\npm\node_modules\read-package-json\read-json.js:391:45)
4 verbose stack     at final (C:\Program Files (x86)\nodejs\node_modules\npm\node_modules\read-package-json\read-json.js:434:3)
4 verbose stack     at then (C:\Program Files (x86)\nodejs\node_modules\npm\node_modules\read-package-json\read-json.js:161:5)
4 verbose stack     at ReadFileContext.<anonymous> (C:\Program Files (x86)\nodejs\node_modules\npm\node_modules\read-package-json\read-json.js:350:20)
4 verbose stack     at ReadFileContext.callback (C:\Program Files (x86)\nodejs\node_modules\npm\node_modules\graceful-fs\graceful-fs.js:123:16)
4 verbose stack     at FSReqCallback.readFileAfterOpen [as oncomplete] (fs.js:273:13)
5 verbose cwd C:\Users\Crypto Thoughts\Desktop\dev\crypto\ToDoDapp\web-client
6 verbose Windows_NT 10.0.19041
7 verbose argv "C:\\Program Files (x86)\\nodejs\\node.exe" "C:\\Program Files (x86)\\nodejs\\node_modules\\npm\\bin\\npm-cli.js" "run" "s" "tart"
8 verbose node v14.16.1
9 verbose npm  v6.14.12
10 error missing script: s
11 verbose exit [ 1, true ]
